<?xml version="1.0" encoding="UTF-8"?>
<!-- Generated by org.testng.reporters.JUnitReportReporter -->
<testsuite hostname="HW1036.local" failures="0" tests="1" name="com.automation.tests.BaseTest" time="0.081" errors="0" timestamp="2025-03-07T00:58:53 IST" skipped="0">
  <testcase classname="com.automation.tests.BaseTest" name="testLoginPageTitle" time="0.081"/>
</testsuite> <!-- com.automation.tests.BaseTest -->
