<?xml version="1.0" encoding="UTF-8"?>
<!-- Generated by org.testng.reporters.JUnitReportReporter -->
<testsuite hostname="HW1036.local" failures="0" tests="2" name="com.automation.tests.LoginTest" time="10.353" errors="0" timestamp="2025-03-08T00:49:08 IST" skipped="0">
  <testcase classname="com.automation.tests.LoginTest" name="testValidLogin" time="1.788"/>
  <testcase classname="com.automation.tests.LoginTest" name="testInvalidLogin" time="8.565"/>
</testsuite> <!-- com.automation.tests.LoginTest -->
